<?xml version="1.0" encoding="UTF-8"?>
<testsuite name="org.apache.nifi.registry.service.TestRegistryService" time="2.559" tests="49" errors="0" skipped="0" failures="0">
  <properties>
    <property name="java.runtime.name" value="OpenJDK Runtime Environment"/>
    <property name="sun.boot.library.path" value="/home/christian/.sdkman/candidates/java/8.0.242.hs-adpt/jre/lib/amd64"/>
    <property name="java.vm.version" value="25.242-b08"/>
    <property name="java.vm.vendor" value="AdoptOpenJDK"/>
    <property name="maven.multiModuleProjectDirectory" value="/home/christian/Desktop/bsc-toolchain/projects-clones/nifi-registry"/>
    <property name="java.vendor.url" value="http://java.oracle.com/"/>
    <property name="path.separator" value=":"/>
    <property name="guice.disable.misplaced.annotation.check" value="true"/>
    <property name="java.vm.name" value="OpenJDK 64-Bit Server VM"/>
    <property name="file.encoding.pkg" value="sun.io"/>
    <property name="user.country" value="US"/>
    <property name="sun.java.launcher" value="SUN_STANDARD"/>
    <property name="sun.os.patch.level" value="unknown"/>
    <property name="java.vm.specification.name" value="Java Virtual Machine Specification"/>
    <property name="user.dir" value="/home/christian/Desktop/bsc-toolchain/projects-clones/nifi-registry"/>
    <property name="checkstyle.skip" value="true"/>
    <property name="java.runtime.version" value="1.8.0_242-b08"/>
    <property name="java.awt.graphicsenv" value="sun.awt.X11GraphicsEnvironment"/>
    <property name="java.endorsed.dirs" value="/home/christian/.sdkman/candidates/java/8.0.242.hs-adpt/jre/lib/endorsed"/>
    <property name="os.arch" value="amd64"/>
    <property name="java.io.tmpdir" value="/tmp"/>
    <property name="line.separator" value="&#10;"/>
    <property name="java.vm.specification.vendor" value="Oracle Corporation"/>
    <property name="os.name" value="Linux"/>
    <property name="classworlds.conf" value="/home/christian/.sdkman/candidates/maven/current/bin/m2.conf"/>
    <property name="sun.jnu.encoding" value="UTF-8"/>
    <property name="java.library.path" value=":/opt/openmpi/lib:/usr/java/packages/lib/amd64:/usr/lib64:/lib64:/lib:/usr/lib"/>
    <property name="maven.conf" value="/home/christian/.sdkman/candidates/maven/current/conf"/>
    <property name="java.specification.name" value="Java Platform API Specification"/>
    <property name="java.class.version" value="52.0"/>
    <property name="sun.management.compiler" value="HotSpot 64-Bit Tiered Compilers"/>
    <property name="os.version" value="5.3.0-51-generic"/>
    <property name="library.jansi.path" value="/home/christian/.sdkman/candidates/maven/current/lib/jansi-native"/>
    <property name="user.home" value="/home/christian"/>
    <property name="user.timezone" value="Europe/Zurich"/>
    <property name="java.awt.printerjob" value="sun.print.PSPrinterJob"/>
    <property name="java.specification.version" value="1.8"/>
    <property name="file.encoding" value="UTF-8"/>
    <property name="user.name" value="christian"/>
    <property name="java.class.path" value="/home/christian/.sdkman/candidates/maven/current/boot/plexus-classworlds-2.6.0.jar"/>
    <property name="java.vm.specification.version" value="1.8"/>
    <property name="sun.arch.data.model" value="64"/>
    <property name="java.home" value="/home/christian/.sdkman/candidates/java/8.0.242.hs-adpt/jre"/>
    <property name="sun.java.command" value="org.codehaus.plexus.classworlds.launcher.Launcher -Dcheckstyle.skip test -fn"/>
    <property name="java.specification.vendor" value="Oracle Corporation"/>
    <property name="user.language" value="en"/>
    <property name="awt.toolkit" value="sun.awt.X11.XToolkit"/>
    <property name="java.vm.info" value="mixed mode"/>
    <property name="java.version" value="1.8.0_242"/>
    <property name="java.ext.dirs" value="/home/christian/.sdkman/candidates/java/8.0.242.hs-adpt/jre/lib/ext:/usr/java/packages/lib/ext"/>
    <property name="securerandom.source" value="file:/dev/./urandom"/>
    <property name="sun.boot.class.path" value="/home/christian/.sdkman/candidates/java/8.0.242.hs-adpt/jre/lib/resources.jar:/home/christian/.sdkman/candidates/java/8.0.242.hs-adpt/jre/lib/rt.jar:/home/christian/.sdkman/candidates/java/8.0.242.hs-adpt/jre/lib/sunrsasign.jar:/home/christian/.sdkman/candidates/java/8.0.242.hs-adpt/jre/lib/jsse.jar:/home/christian/.sdkman/candidates/java/8.0.242.hs-adpt/jre/lib/jce.jar:/home/christian/.sdkman/candidates/java/8.0.242.hs-adpt/jre/lib/charsets.jar:/home/christian/.sdkman/candidates/java/8.0.242.hs-adpt/jre/lib/jfr.jar:/home/christian/.sdkman/candidates/java/8.0.242.hs-adpt/jre/classes"/>
    <property name="java.vendor" value="AdoptOpenJDK"/>
    <property name="maven.home" value="/home/christian/.sdkman/candidates/maven/current"/>
    <property name="file.separator" value="/"/>
    <property name="java.vendor.url.bug" value="http://bugreport.sun.com/bugreport/"/>
    <property name="sun.cpu.endian" value="little"/>
    <property name="sun.io.unicode.encoding" value="UnicodeLittle"/>
    <property name="sun.desktop" value="gnome"/>
    <property name="sun.cpu.isalist" value=""/>
  </properties>
  <testcase name="testGetDiffReturnsRemovedComponentChanges" classname="org.apache.nifi.registry.service.TestRegistryService" time="1.115"/>
  <testcase name="testCreateSnapshotNullMetadata" classname="org.apache.nifi.registry.service.TestRegistryService" time="0.17"/>
  <testcase name="testCreateSnapshotVersionAlreadyExists" classname="org.apache.nifi.registry.service.TestRegistryService" time="0.08"/>
  <testcase name="testGetLatestSnapshotMetadataWhenVersionsExist" classname="org.apache.nifi.registry.service.TestRegistryService" time="0.018"/>
  <testcase name="testDeleteFlowDoesNotExist" classname="org.apache.nifi.registry.service.TestRegistryService" time="0.02"/>
  <testcase name="testUpdateFlowDoesNotExist" classname="org.apache.nifi.registry.service.TestRegistryService" time="0.02"/>
  <testcase name="testUpdateFlowWithoutId" classname="org.apache.nifi.registry.service.TestRegistryService" time="0.023"/>
  <testcase name="testCreateBucketValid" classname="org.apache.nifi.registry.service.TestRegistryService" time="0.035"/>
  <testcase name="testCreateSnapshotInvalidFlowContents" classname="org.apache.nifi.registry.service.TestRegistryService" time="0.036"/>
  <testcase name="testGetFlowDirectDoesNotExist" classname="org.apache.nifi.registry.service.TestRegistryService" time="0.02"/>
  <testcase name="testCreateFirstSnapshotWithBadVersion" classname="org.apache.nifi.registry.service.TestRegistryService" time="0.091"/>
  <testcase name="testUpdateFlow" classname="org.apache.nifi.registry.service.TestRegistryService" time="0.03"/>
  <testcase name="testGetDiffReturnsChangesInChronologicalOrder" classname="org.apache.nifi.registry.service.TestRegistryService" time="0.024"/>
  <testcase name="testGetFlowDoesNotExist" classname="org.apache.nifi.registry.service.TestRegistryService" time="0.042"/>
  <testcase name="testUpdateBucketPartial" classname="org.apache.nifi.registry.service.TestRegistryService" time="0.05"/>
  <testcase name="testGetFlowDirectExists" classname="org.apache.nifi.registry.service.TestRegistryService" time="0.018"/>
  <testcase name="testGetSnapshotExists" classname="org.apache.nifi.registry.service.TestRegistryService" time="0.015"/>
  <testcase name="testCreateSnapshotVersionNotNextVersion" classname="org.apache.nifi.registry.service.TestRegistryService" time="0.035"/>
  <testcase name="testCreateSnapshotInvalidMetadata" classname="org.apache.nifi.registry.service.TestRegistryService" time="0.04"/>
  <testcase name="testUpdateBucket" classname="org.apache.nifi.registry.service.TestRegistryService" time="0.024"/>
  <testcase name="testDeleteSnapshotExists" classname="org.apache.nifi.registry.service.TestRegistryService" time="0.025"/>
  <testcase name="testDeleteSnapshotDoesNotExist" classname="org.apache.nifi.registry.service.TestRegistryService" time="0.019"/>
  <testcase name="testDeleteBucketDoesNotExist" classname="org.apache.nifi.registry.service.TestRegistryService" time="0.018"/>
  <testcase name="testCreateBucketWithSameName" classname="org.apache.nifi.registry.service.TestRegistryService" time="0.028"/>
  <testcase name="testCreateSnapshotNullFlowContents" classname="org.apache.nifi.registry.service.TestRegistryService" time="0.032"/>
  <testcase name="testCreateSnapshotFlowDoesNotExist" classname="org.apache.nifi.registry.service.TestRegistryService" time="0.04"/>
  <testcase name="testGetSnapshotDoesNotExistInMetadataProvider" classname="org.apache.nifi.registry.service.TestRegistryService" time="0.017"/>
  <testcase name="testDeleteFlowWithSnapshots" classname="org.apache.nifi.registry.service.TestRegistryService" time="0.017"/>
  <testcase name="testUpdateFlowWithSameNameAsExistingFlow" classname="org.apache.nifi.registry.service.TestRegistryService" time="0.018"/>
  <testcase name="testDeleteBucketWithFlows" classname="org.apache.nifi.registry.service.TestRegistryService" time="0.015"/>
  <testcase name="testGetBucketDoesNotExist" classname="org.apache.nifi.registry.service.TestRegistryService" time="0.018"/>
  <testcase name="testGetExistingBucket" classname="org.apache.nifi.registry.service.TestRegistryService" time="0.017"/>
  <testcase name="testGetLatestSnapshotMetadataWhenNoVersionsExist" classname="org.apache.nifi.registry.service.TestRegistryService" time="0.016"/>
  <testcase name="testCreateFlowValid" classname="org.apache.nifi.registry.service.TestRegistryService" time="0.032"/>
  <testcase name="testUpdateBucketWithSameNameAsExistingBucket" classname="org.apache.nifi.registry.service.TestRegistryService" time="0.018"/>
  <testcase name="testGetFlowsByBucketExists" classname="org.apache.nifi.registry.service.TestRegistryService" time="0.02"/>
  <testcase name="testCreateFlowWithSameName" classname="org.apache.nifi.registry.service.TestRegistryService" time="0.034"/>
  <testcase name="testGetFlowSnapshotsWhenNoSnapshots" classname="org.apache.nifi.registry.service.TestRegistryService" time="0.022"/>
  <testcase name="testCreateSnapshotBucketDoesNotExist" classname="org.apache.nifi.registry.service.TestRegistryService" time="0.029"/>
  <testcase name="testGetSnapshotDoesNotExistInPersistenceProvider" classname="org.apache.nifi.registry.service.TestRegistryService" time="0.016"/>
  <testcase name="testGetFlowExists" classname="org.apache.nifi.registry.service.TestRegistryService" time="0.017"/>
  <testcase name="testGetFlowSnapshots" classname="org.apache.nifi.registry.service.TestRegistryService" time="0.018"/>
  <testcase name="testCreateFlowBucketDoesNotExist" classname="org.apache.nifi.registry.service.TestRegistryService" time="0.034"/>
  <testcase name="testCreateFlowInvalid" classname="org.apache.nifi.registry.service.TestRegistryService" time="0.028"/>
  <testcase name="testGetFlowsByBucketDoesNotExist" classname="org.apache.nifi.registry.service.TestRegistryService" time="0.016"/>
  <testcase name="testUpdateBucketWithoutId" classname="org.apache.nifi.registry.service.TestRegistryService" time="0.016"/>
  <testcase name="testCreateFirstSnapshot" classname="org.apache.nifi.registry.service.TestRegistryService" time="0.034"/>
  <testcase name="testCreateBucketWithMissingName" classname="org.apache.nifi.registry.service.TestRegistryService" time="0.022"/>
  <testcase name="testUpdateBucketDoesNotExist" classname="org.apache.nifi.registry.service.TestRegistryService" time="0.017"/>
</testsuite>