<?xml version="1.0" encoding="UTF-8"?>
<testsuite name="org.apache.nifi.registry.db.TestDatabaseMetadataService" time="1.049" tests="65" errors="0" skipped="0" failures="0">
  <properties>
    <property name="java.runtime.name" value="OpenJDK Runtime Environment"/>
    <property name="sun.boot.library.path" value="/home/christian/.sdkman/candidates/java/8.0.242.hs-adpt/jre/lib/amd64"/>
    <property name="java.vm.version" value="25.242-b08"/>
    <property name="java.vm.vendor" value="AdoptOpenJDK"/>
    <property name="maven.multiModuleProjectDirectory" value="/home/christian/Desktop/bsc-toolchain/projects-clones/nifi-registry"/>
    <property name="java.vendor.url" value="http://java.oracle.com/"/>
    <property name="path.separator" value=":"/>
    <property name="guice.disable.misplaced.annotation.check" value="true"/>
    <property name="java.vm.name" value="OpenJDK 64-Bit Server VM"/>
    <property name="file.encoding.pkg" value="sun.io"/>
    <property name="user.country" value="US"/>
    <property name="sun.java.launcher" value="SUN_STANDARD"/>
    <property name="sun.os.patch.level" value="unknown"/>
    <property name="java.vm.specification.name" value="Java Virtual Machine Specification"/>
    <property name="user.dir" value="/home/christian/Desktop/bsc-toolchain/projects-clones/nifi-registry"/>
    <property name="checkstyle.skip" value="true"/>
    <property name="java.runtime.version" value="1.8.0_242-b08"/>
    <property name="java.awt.graphicsenv" value="sun.awt.X11GraphicsEnvironment"/>
    <property name="java.endorsed.dirs" value="/home/christian/.sdkman/candidates/java/8.0.242.hs-adpt/jre/lib/endorsed"/>
    <property name="os.arch" value="amd64"/>
    <property name="java.io.tmpdir" value="/tmp"/>
    <property name="line.separator" value="&#10;"/>
    <property name="java.vm.specification.vendor" value="Oracle Corporation"/>
    <property name="os.name" value="Linux"/>
    <property name="classworlds.conf" value="/home/christian/.sdkman/candidates/maven/current/bin/m2.conf"/>
    <property name="sun.jnu.encoding" value="UTF-8"/>
    <property name="java.library.path" value=":/opt/openmpi/lib:/usr/java/packages/lib/amd64:/usr/lib64:/lib64:/lib:/usr/lib"/>
    <property name="maven.conf" value="/home/christian/.sdkman/candidates/maven/current/conf"/>
    <property name="java.specification.name" value="Java Platform API Specification"/>
    <property name="java.class.version" value="52.0"/>
    <property name="sun.management.compiler" value="HotSpot 64-Bit Tiered Compilers"/>
    <property name="os.version" value="5.3.0-51-generic"/>
    <property name="library.jansi.path" value="/home/christian/.sdkman/candidates/maven/current/lib/jansi-native"/>
    <property name="user.home" value="/home/christian"/>
    <property name="user.timezone" value="Europe/Zurich"/>
    <property name="java.awt.printerjob" value="sun.print.PSPrinterJob"/>
    <property name="java.specification.version" value="1.8"/>
    <property name="file.encoding" value="UTF-8"/>
    <property name="user.name" value="christian"/>
    <property name="java.class.path" value="/home/christian/.sdkman/candidates/maven/current/boot/plexus-classworlds-2.6.0.jar"/>
    <property name="java.vm.specification.version" value="1.8"/>
    <property name="sun.arch.data.model" value="64"/>
    <property name="java.home" value="/home/christian/.sdkman/candidates/java/8.0.242.hs-adpt/jre"/>
    <property name="sun.java.command" value="org.codehaus.plexus.classworlds.launcher.Launcher -Dcheckstyle.skip test -fn"/>
    <property name="java.specification.vendor" value="Oracle Corporation"/>
    <property name="user.language" value="en"/>
    <property name="awt.toolkit" value="sun.awt.X11.XToolkit"/>
    <property name="java.vm.info" value="mixed mode"/>
    <property name="java.version" value="1.8.0_242"/>
    <property name="java.ext.dirs" value="/home/christian/.sdkman/candidates/java/8.0.242.hs-adpt/jre/lib/ext:/usr/java/packages/lib/ext"/>
    <property name="securerandom.source" value="file:/dev/./urandom"/>
    <property name="sun.boot.class.path" value="/home/christian/.sdkman/candidates/java/8.0.242.hs-adpt/jre/lib/resources.jar:/home/christian/.sdkman/candidates/java/8.0.242.hs-adpt/jre/lib/rt.jar:/home/christian/.sdkman/candidates/java/8.0.242.hs-adpt/jre/lib/sunrsasign.jar:/home/christian/.sdkman/candidates/java/8.0.242.hs-adpt/jre/lib/jsse.jar:/home/christian/.sdkman/candidates/java/8.0.242.hs-adpt/jre/lib/jce.jar:/home/christian/.sdkman/candidates/java/8.0.242.hs-adpt/jre/lib/charsets.jar:/home/christian/.sdkman/candidates/java/8.0.242.hs-adpt/jre/lib/jfr.jar:/home/christian/.sdkman/candidates/java/8.0.242.hs-adpt/jre/classes"/>
    <property name="java.vendor" value="AdoptOpenJDK"/>
    <property name="maven.home" value="/home/christian/.sdkman/candidates/maven/current"/>
    <property name="file.separator" value="/"/>
    <property name="java.vendor.url.bug" value="http://bugreport.sun.com/bugreport/"/>
    <property name="sun.cpu.endian" value="little"/>
    <property name="sun.io.unicode.encoding" value="UnicodeLittle"/>
    <property name="sun.desktop" value="gnome"/>
    <property name="sun.cpu.isalist" value=""/>
  </properties>
  <testcase name="testGetExtensionBundleVersionByBucketGroupArtifactVersionWhenDoesNotExist" classname="org.apache.nifi.registry.db.TestDatabaseMetadataService" time="0.101"/>
  <testcase name="testGetFlowByIdWhenDoesNotExist" classname="org.apache.nifi.registry.db.TestDatabaseMetadataService" time="0.045"/>
  <testcase name="testGetExtensionByIdDoesNotExist" classname="org.apache.nifi.registry.db.TestDatabaseMetadataService" time="0.035"/>
  <testcase name="testGetExtensionBundleVersionByBundleIdAndVersion" classname="org.apache.nifi.registry.db.TestDatabaseMetadataService" time="0.018"/>
  <testcase name="testGetExtensionBundles" classname="org.apache.nifi.registry.db.TestDatabaseMetadataService" time="0.017"/>
  <testcase name="testGetExtensionsByBundleCoordinateDoesNotExist" classname="org.apache.nifi.registry.db.TestDatabaseMetadataService" time="0.01"/>
  <testcase name="testGetExtensionBundleVersionsByBundleId" classname="org.apache.nifi.registry.db.TestDatabaseMetadataService" time="0.018"/>
  <testcase name="testGetExtensionBundleVersionDependenciesWhenNoneExist" classname="org.apache.nifi.registry.db.TestDatabaseMetadataService" time="0.02"/>
  <testcase name="testDeleteBucketWithExtensionBundles" classname="org.apache.nifi.registry.db.TestDatabaseMetadataService" time="0.028"/>
  <testcase name="testCreateExtensionBundleVersion" classname="org.apache.nifi.registry.db.TestDatabaseMetadataService" time="0.031"/>
  <testcase name="testGetFlowsByBucket" classname="org.apache.nifi.registry.db.TestDatabaseMetadataService" time="0.014"/>
  <testcase name="testGetFlowsByName" classname="org.apache.nifi.registry.db.TestDatabaseMetadataService" time="0.015"/>
  <testcase name="testGetAllBuckets" classname="org.apache.nifi.registry.db.TestDatabaseMetadataService" time="0.013"/>
  <testcase name="testUpdateFlow" classname="org.apache.nifi.registry.db.TestDatabaseMetadataService" time="0.015"/>
  <testcase name="testGetExtensionBundleVersionsByBucketGroupArtifact" classname="org.apache.nifi.registry.db.TestDatabaseMetadataService" time="0.013"/>
  <testcase name="testGetBucketsByName" classname="org.apache.nifi.registry.db.TestDatabaseMetadataService" time="0.008"/>
  <testcase name="testGetExtensionBundleVersionDependencies" classname="org.apache.nifi.registry.db.TestDatabaseMetadataService" time="0.01"/>
  <testcase name="testGetFlowByIdWhenExists" classname="org.apache.nifi.registry.db.TestDatabaseMetadataService" time="0.01"/>
  <testcase name="testGetExtensionBundlesByBucketAndGroup" classname="org.apache.nifi.registry.db.TestDatabaseMetadataService" time="0.009"/>
  <testcase name="testGetItemsWithCounts" classname="org.apache.nifi.registry.db.TestDatabaseMetadataService" time="0.021"/>
  <testcase name="testGetBucketsForIds" classname="org.apache.nifi.registry.db.TestDatabaseMetadataService" time="0.019"/>
  <testcase name="testDeleteExtensionBundleVersion" classname="org.apache.nifi.registry.db.TestDatabaseMetadataService" time="0.013"/>
  <testcase name="testGetFlowSnapshotsNoneFound" classname="org.apache.nifi.registry.db.TestDatabaseMetadataService" time="0.009"/>
  <testcase name="testCreateFlowSnapshot" classname="org.apache.nifi.registry.db.TestDatabaseMetadataService" time="0.01"/>
  <testcase name="testGetExtensionBundleByGroupArtifactDoesNotExist" classname="org.apache.nifi.registry.db.TestDatabaseMetadataService" time="0.009"/>
  <testcase name="testGetExtensionById" classname="org.apache.nifi.registry.db.TestDatabaseMetadataService" time="0.014"/>
  <testcase name="testGetExtensionTags" classname="org.apache.nifi.registry.db.TestDatabaseMetadataService" time="0.012"/>
  <testcase name="testGetFlowsByNameByBucket" classname="org.apache.nifi.registry.db.TestDatabaseMetadataService" time="0.011"/>
  <testcase name="testUpdateBucket" classname="org.apache.nifi.registry.db.TestDatabaseMetadataService" time="0.011"/>
  <testcase name="testCreateAndGetBucket" classname="org.apache.nifi.registry.db.TestDatabaseMetadataService" time="0.013"/>
  <testcase name="testGetExtensionsByBundleVersionIdDoesNotExist" classname="org.apache.nifi.registry.db.TestDatabaseMetadataService" time="0.009"/>
  <testcase name="testGetExtensionBundleVersionsGlobal" classname="org.apache.nifi.registry.db.TestDatabaseMetadataService" time="0.008"/>
  <testcase name="testGetExtensionBundlesByBucket" classname="org.apache.nifi.registry.db.TestDatabaseMetadataService" time="0.015"/>
  <testcase name="testGetAllExtensions" classname="org.apache.nifi.registry.db.TestDatabaseMetadataService" time="0.026"/>
  <testcase name="testGetExtensionsByCategory" classname="org.apache.nifi.registry.db.TestDatabaseMetadataService" time="0.022"/>
  <testcase name="testDeleteExtension" classname="org.apache.nifi.registry.db.TestDatabaseMetadataService" time="0.011"/>
  <testcase name="testDeleteBucketWithChildren" classname="org.apache.nifi.registry.db.TestDatabaseMetadataService" time="0.011"/>
  <testcase name="testGetBucketItemsForBucket" classname="org.apache.nifi.registry.db.TestDatabaseMetadataService" time="0.013"/>
  <testcase name="testGetExtensionBundleVersionByBundleIdAndVersionDoesNotExist" classname="org.apache.nifi.registry.db.TestDatabaseMetadataService" time="0.012"/>
  <testcase name="testDeleteFlowSnapshot" classname="org.apache.nifi.registry.db.TestDatabaseMetadataService" time="0.011"/>
  <testcase name="testDeleteFlowWithSnapshots" classname="org.apache.nifi.registry.db.TestDatabaseMetadataService" time="0.022"/>
  <testcase name="testCreateExtensionBundleVersionDependency" classname="org.apache.nifi.registry.db.TestDatabaseMetadataService" time="0.019"/>
  <testcase name="testGetFlowSnapshot" classname="org.apache.nifi.registry.db.TestDatabaseMetadataService" time="0.009"/>
  <testcase name="testCreateFlow" classname="org.apache.nifi.registry.db.TestDatabaseMetadataService" time="0.012"/>
  <testcase name="testDeleteBucketNoChildren" classname="org.apache.nifi.registry.db.TestDatabaseMetadataService" time="0.009"/>
  <testcase name="testGetExtensionBundleByGroupArtifact" classname="org.apache.nifi.registry.db.TestDatabaseMetadataService" time="0.015"/>
  <testcase name="testGetBucketDoesNotExist" classname="org.apache.nifi.registry.db.TestDatabaseMetadataService" time="0.013"/>
  <testcase name="testGetExtensionBundleById" classname="org.apache.nifi.registry.db.TestDatabaseMetadataService" time="0.009"/>
  <testcase name="testDeleteExtensionBundle" classname="org.apache.nifi.registry.db.TestDatabaseMetadataService" time="0.013"/>
  <testcase name="testGetLatestSnapshotDoesNotExist" classname="org.apache.nifi.registry.db.TestDatabaseMetadataService" time="0.012"/>
  <testcase name="testCreateExtensionBundle" classname="org.apache.nifi.registry.db.TestDatabaseMetadataService" time="0.016"/>
  <testcase name="testGetExtensionBundleVersionsByBundleIdWhenDoesNotExist" classname="org.apache.nifi.registry.db.TestDatabaseMetadataService" time="0.012"/>
  <testcase name="testGetLatestSnapshot" classname="org.apache.nifi.registry.db.TestDatabaseMetadataService" time="0.01"/>
  <testcase name="testGetItemsWithCountsFilteredByBuckets" classname="org.apache.nifi.registry.db.TestDatabaseMetadataService" time="0.018"/>
  <testcase name="testGetExtensionBundleVersionsByBucketGroupArtifactWhenDoesNotExist" classname="org.apache.nifi.registry.db.TestDatabaseMetadataService" time="0.017"/>
  <testcase name="testGetExtensionBundleVersionByBucketGroupArtifactVersion" classname="org.apache.nifi.registry.db.TestDatabaseMetadataService" time="0.014"/>
  <testcase name="testGetBucketsByNameNoneFound" classname="org.apache.nifi.registry.db.TestDatabaseMetadataService" time="0.014"/>
  <testcase name="testGetFlowSnapshotDoesNotExist" classname="org.apache.nifi.registry.db.TestDatabaseMetadataService" time="0.018"/>
  <testcase name="testGetFlowSnapshots" classname="org.apache.nifi.registry.db.TestDatabaseMetadataService" time="0.008"/>
  <testcase name="testGetFlowByIdWithSnapshotCount" classname="org.apache.nifi.registry.db.TestDatabaseMetadataService" time="0.011"/>
  <testcase name="testGetExtensionsByBundleCoordinate" classname="org.apache.nifi.registry.db.TestDatabaseMetadataService" time="0.008"/>
  <testcase name="testGetBucketItemsForBuckets" classname="org.apache.nifi.registry.db.TestDatabaseMetadataService" time="0.01"/>
  <testcase name="testGetExtensionBundleDoesNotExist" classname="org.apache.nifi.registry.db.TestDatabaseMetadataService" time="0.018"/>
  <testcase name="testGetExtensionsByBundleVersionId" classname="org.apache.nifi.registry.db.TestDatabaseMetadataService" time="0.012"/>
  <testcase name="testCreateExtension" classname="org.apache.nifi.registry.db.TestDatabaseMetadataService" time="0.02"/>
</testsuite>